<?xml version="1.0" encoding="UTF-8"?>
<!-- Generated by org.testng.reporters.JUnitXMLReporter -->
<testsuite hostname="SYEDKHALEEL" name="Test" tests="14" failures="0" timestamp="7 Jul 2021 12:25:32 GMT" time="272.206" errors="0">
  <testcase name="testCase1" time="0.119" classname="maintest.TestExecution"/>
  <testcase name="testCase2" time="0.544" classname="maintest.TestExecution"/>
  <testcase name="testCase3" time="0.012" classname="maintest.TestExecution"/>
  <testcase name="testCase4" time="39.985" classname="maintest.TestExecution"/>
  <testcase name="testCase5" time="2.841" classname="maintest.TestExecution"/>
  <testcase name="testCase6" time="0.703" classname="maintest.TestExecution"/>
  <testcase name="testCase7" time="5.552" classname="maintest.TestExecution"/>
  <testcase name="testCase8" time="4.239" classname="maintest.TestExecution"/>
  <testcase name="testcase9" time="4.311" classname="maintest.TestExecution"/>
  <testcase name="testCase10" time="4.159" classname="maintest.TestExecution"/>
  <testcase name="testCase11" time="4.263" classname="maintest.TestExecution"/>
  <testcase name="testCase12" time="8.173" classname="maintest.TestExecution"/>
  <testcase name="testCase13" time="5.484" classname="maintest.TestExecution"/>
  <testcase name="testCase14" time="6.955" classname="maintest.TestExecution"/>
</testsuite> <!-- Test -->
